<?xml version="1.0" encoding="UTF-8"?>
<!-- Generated by org.testng.reporters.JUnitReportReporter -->
<testsuite hostname="LAPTOP-28BLMORI" failures="0" tests="1" name="Functionaltesting.AddProduct" time="17.290" errors="0" timestamp="2024-12-11T17:06:20 IST" skipped="0">
  <testcase classname="Functionaltesting.AddProduct" name="main" time="17.290"/>
</testsuite> <!-- Functionaltesting.AddProduct -->
