<?xml version="1.0" encoding="UTF-8"?>
<!-- Generated by org.testng.reporters.JUnitReportReporter -->
<testsuite hostname="LAPTOP-28BLMORI" failures="0" tests="1" name="login.Checkpage" time="7.733" errors="0" timestamp="2024-12-11T16:10:40 IST" skipped="0">
  <testcase classname="login.Checkpage" name="main" time="7.733"/>
</testsuite> <!-- login.Checkpage -->
